/ROS_Dev/ros2_ws/install/my_py_pkg/lib/python3.10/site-packages/my_py_pkg/my_first_node.py
/ROS_Dev/ros2_ws/install/my_py_pkg/lib/python3.10/site-packages/my_py_pkg/robot_news_station.py
/ROS_Dev/ros2_ws/install/my_py_pkg/lib/python3.10/site-packages/my_py_pkg/smartphone.py
/ROS_Dev/ros2_ws/install/my_py_pkg/lib/python3.10/site-packages/my_py_pkg/__init__.py
/ROS_Dev/ros2_ws/install/my_py_pkg/lib/python3.10/site-packages/my_py_pkg/__pycache__/my_first_node.cpython-310.pyc
/ROS_Dev/ros2_ws/install/my_py_pkg/lib/python3.10/site-packages/my_py_pkg/__pycache__/robot_news_station.cpython-310.pyc
/ROS_Dev/ros2_ws/install/my_py_pkg/lib/python3.10/site-packages/my_py_pkg/__pycache__/smartphone.cpython-310.pyc
/ROS_Dev/ros2_ws/install/my_py_pkg/lib/python3.10/site-packages/my_py_pkg/__pycache__/__init__.cpython-310.pyc
/ROS_Dev/ros2_ws/install/my_py_pkg/share/ament_index/resource_index/packages/my_py_pkg
/ROS_Dev/ros2_ws/install/my_py_pkg/share/my_py_pkg/package.xml
/ROS_Dev/ros2_ws/install/my_py_pkg/lib/python3.10/site-packages/my_py_pkg-0.0.0-py3.10.egg-info/dependency_links.txt
/ROS_Dev/ros2_ws/install/my_py_pkg/lib/python3.10/site-packages/my_py_pkg-0.0.0-py3.10.egg-info/entry_points.txt
/ROS_Dev/ros2_ws/install/my_py_pkg/lib/python3.10/site-packages/my_py_pkg-0.0.0-py3.10.egg-info/PKG-INFO
/ROS_Dev/ros2_ws/install/my_py_pkg/lib/python3.10/site-packages/my_py_pkg-0.0.0-py3.10.egg-info/requires.txt
/ROS_Dev/ros2_ws/install/my_py_pkg/lib/python3.10/site-packages/my_py_pkg-0.0.0-py3.10.egg-info/SOURCES.txt
/ROS_Dev/ros2_ws/install/my_py_pkg/lib/python3.10/site-packages/my_py_pkg-0.0.0-py3.10.egg-info/top_level.txt
/ROS_Dev/ros2_ws/install/my_py_pkg/lib/python3.10/site-packages/my_py_pkg-0.0.0-py3.10.egg-info/zip-safe
/ROS_Dev/ros2_ws/install/my_py_pkg/lib/my_py_pkg/py_node
/ROS_Dev/ros2_ws/install/my_py_pkg/lib/my_py_pkg/robot_news_station
/ROS_Dev/ros2_ws/install/my_py_pkg/lib/my_py_pkg/smartphone
